<?xml version="1.0" encoding="UTF-8"?>
<!-- Generated by org.testng.reporters.JUnitXMLReporter -->
<testsuite ignored="0" hostname="DESKTOP-3JUM5NA" failures="1" tests="3" name="Test12" time="0.008" errors="0" timestamp="2023-05-03T19:28:02 CEST">
  <testcase classname="testlerningng.TestCase3" name="doUserReg" time="0.001">
    <failure type="java.lang.AssertionError" message="Failing user reg test">
      <![CDATA[java.lang.AssertionError: Failing user reg test
at testlerningng.TestCase3.doUserReg(TestCase3.java:14)
at java.base/java.util.ArrayList.forEach(ArrayList.java:1511)
... Removed 28 stack frames]]>
    </failure>
  </testcase> <!-- doUserReg -->
  <testcase classname="testlerningng.TestCase3" name="doLogin" time="0.0">
    <skipped/>
  </testcase> <!-- doLogin -->
  <testcase classname="testlerningng.TestCase3" name="isSkip" time="0.001">
    <skipped/>
  </testcase> <!-- isSkip -->
</testsuite> <!-- Test12 -->
